{
  "uid" : "b8713be37194a27a",
  "name" : "Test_005_verify Charge Quantity Editable  ",
  "fullName" : "tests.techRo.ServiceManagerPartsRelatedTasks.Test_005_verifyChargeQuantityEditable",
  "historyId" : "7400702628433b69f7e9ac78b9b991c1",
  "time" : {
    "start" : 1705509926014,
    "stop" : 1705509980030,
    "duration" : 54016
  },
  "description" : "Test Description: verify Charge Quantity Editable  ",
  "descriptionHtml" : "<p>Test Description: verify Charge Quantity Editable</p>\n",
  "status" : "broken",
  "statusMessage" : "element click intercepted: Element <input id=\"reg1:0:rWO:0:rPOH:1:itUnitChargeCurrency::content\" name=\"reg1:0:rWO:0:rPOH:1:itUnitChargeCurrency\" style=\"width:65px;\" class=\"x25\" size=\"10\" autocomplete=\"off\" type=\"text\" value=\"2.25\" aria-live=\"off\"> is not clickable at point (786, 248). Other element would receive the click: <div class=\"blockUI blockMsg blockPage\" style=\"z-index: 2147483647; position: fixed; padding: 15px; margin: 0px; width: 30%; top: 40%; left: 35%; text-align: center; color: rgb(0, 61, 91); background-color: rgb(235, 239, 245); cursor: wait; border: none; border-radius: 10px; opacity: 0.9;\">...</div>\n  (Session info: chrome=120.0.6099.217)\nBuild info: version: '4.4.0', revision: 'e5c75ed026a'\nSystem info: host: 'DESKTOP-HN0C78P', ip: '192.168.32.237', os.name: 'Windows 10', os.arch: 'amd64', os.version: '10.0', java.version: '18.0.1.1'\nDriver info: org.openqa.selenium.chrome.ChromeDriver\nCommand: [7b2981d4d1ce5839f0ed912aeb70c231, clickElement {id=2B7F6A7D8DC7C3DE06D7BD640A00F93A_element_1200}]\nCapabilities {acceptInsecureCerts: false, browserName: chrome, browserVersion: 120.0.6099.217, chrome: {chromedriverVersion: 120.0.6099.109 (3419140ab66..., userDataDir: C:\\Users\\hp\\AppData\\Local\\T...}, fedcm:accounts: true, goog:chromeOptions: {debuggerAddress: localhost:49172}, networkConnectionEnabled: false, pageLoadStrategy: normal, platformName: WINDOWS, proxy: Proxy(), se:cdp: ws://localhost:49172/devtoo..., se:cdpVersion: 120.0.6099.217, setWindowRect: true, strictFileInteractability: false, timeouts: {implicit: 0, pageLoad: 300000, script: 30000}, unhandledPromptBehavior: dismiss and notify, webauthn:extension:credBlob: true, webauthn:extension:largeBlob: true, webauthn:extension:minPinLength: true, webauthn:extension:prf: true, webauthn:virtualAuthenticators: true}\nElement: [[ChromeDriver: chrome on WINDOWS (7b2981d4d1ce5839f0ed912aeb70c231)] -> xpath: //input[contains(@id,':itUnitChargeCurrency::content')]]\nSession ID: 7b2981d4d1ce5839f0ed912aeb70c231",
  "statusTrace" : "org.openqa.selenium.ElementClickInterceptedException: element click intercepted: Element <input id=\"reg1:0:rWO:0:rPOH:1:itUnitChargeCurrency::content\" name=\"reg1:0:rWO:0:rPOH:1:itUnitChargeCurrency\" style=\"width:65px;\" class=\"x25\" size=\"10\" autocomplete=\"off\" type=\"text\" value=\"2.25\" aria-live=\"off\"> is not clickable at point (786, 248). Other element would receive the click: <div class=\"blockUI blockMsg blockPage\" style=\"z-index: 2147483647; position: fixed; padding: 15px; margin: 0px; width: 30%; top: 40%; left: 35%; text-align: center; color: rgb(0, 61, 91); background-color: rgb(235, 239, 245); cursor: wait; border: none; border-radius: 10px; opacity: 0.9;\">...</div>\n  (Session info: chrome=120.0.6099.217)\nBuild info: version: '4.4.0', revision: 'e5c75ed026a'\nSystem info: host: 'DESKTOP-HN0C78P', ip: '192.168.32.237', os.name: 'Windows 10', os.arch: 'amd64', os.version: '10.0', java.version: '18.0.1.1'\nDriver info: org.openqa.selenium.chrome.ChromeDriver\nCommand: [7b2981d4d1ce5839f0ed912aeb70c231, clickElement {id=2B7F6A7D8DC7C3DE06D7BD640A00F93A_element_1200}]\nCapabilities {acceptInsecureCerts: false, browserName: chrome, browserVersion: 120.0.6099.217, chrome: {chromedriverVersion: 120.0.6099.109 (3419140ab66..., userDataDir: C:\\Users\\hp\\AppData\\Local\\T...}, fedcm:accounts: true, goog:chromeOptions: {debuggerAddress: localhost:49172}, networkConnectionEnabled: false, pageLoadStrategy: normal, platformName: WINDOWS, proxy: Proxy(), se:cdp: ws://localhost:49172/devtoo..., se:cdpVersion: 120.0.6099.217, setWindowRect: true, strictFileInteractability: false, timeouts: {implicit: 0, pageLoad: 300000, script: 30000}, unhandledPromptBehavior: dismiss and notify, webauthn:extension:credBlob: true, webauthn:extension:largeBlob: true, webauthn:extension:minPinLength: true, webauthn:extension:prf: true, webauthn:virtualAuthenticators: true}\nElement: [[ChromeDriver: chrome on WINDOWS (7b2981d4d1ce5839f0ed912aeb70c231)] -> xpath: //input[contains(@id,':itUnitChargeCurrency::content')]]\nSession ID: 7b2981d4d1ce5839f0ed912aeb70c231\r\n\tat java.base/jdk.internal.reflect.DirectConstructorHandleAccessor.newInstance(DirectConstructorHandleAccessor.java:67)\r\n\tat java.base/java.lang.reflect.Constructor.newInstanceWithCaller(Constructor.java:499)\r\n\tat java.base/java.lang.reflect.Constructor.newInstance(Constructor.java:483)\r\n\tat org.openqa.selenium.remote.codec.w3c.W3CHttpResponseCodec.createException(W3CHttpResponseCodec.java:200)\r\n\tat org.openqa.selenium.remote.codec.w3c.W3CHttpResponseCodec.decode(W3CHttpResponseCodec.java:133)\r\n\tat org.openqa.selenium.remote.codec.w3c.W3CHttpResponseCodec.decode(W3CHttpResponseCodec.java:53)\r\n\tat org.openqa.selenium.remote.HttpCommandExecutor.execute(HttpCommandExecutor.java:184)\r\n\tat org.openqa.selenium.remote.service.DriverCommandExecutor.invokeExecute(DriverCommandExecutor.java:167)\r\n\tat org.openqa.selenium.remote.service.DriverCommandExecutor.execute(DriverCommandExecutor.java:142)\r\n\tat org.openqa.selenium.remote.RemoteWebDriver.execute(RemoteWebDriver.java:547)\r\n\tat org.openqa.selenium.remote.RemoteWebElement.execute(RemoteWebElement.java:257)\r\n\tat org.openqa.selenium.remote.RemoteWebElement.click(RemoteWebElement.java:78)\r\n\tat java.base/jdk.internal.reflect.DirectMethodHandleAccessor.invoke(DirectMethodHandleAccessor.java:104)\r\n\tat java.base/java.lang.reflect.Method.invoke(Method.java:577)\r\n\tat org.openqa.selenium.support.pagefactory.internal.LocatingElementHandler.invoke(LocatingElementHandler.java:52)\r\n\tat jdk.proxy2/jdk.proxy2.$Proxy19.click(Unknown Source)\r\n\tat actions.WebElementActions.clickElement(WebElementActions.java:57)\r\n\tat pages.techRo.DAFServiceManagerPartsRelatedTasks.editChargeQuantity(DAFServiceManagerPartsRelatedTasks.java:565)\r\n\tat tests.techRo.ServiceManagerPartsRelatedTasks.Test_005_verifyChargeQuantityEditable(ServiceManagerPartsRelatedTasks.java:80)\r\n\tat java.base/jdk.internal.reflect.DirectMethodHandleAccessor.invoke(DirectMethodHandleAccessor.java:104)\r\n\tat java.base/java.lang.reflect.Method.invoke(Method.java:577)\r\n\tat org.testng.internal.MethodInvocationHelper.invokeMethod(MethodInvocationHelper.java:86)\r\n\tat org.testng.internal.Invoker.invokeMethod(Invoker.java:643)\r\n\tat org.testng.internal.Invoker.invokeTestMethod(Invoker.java:820)\r\n\tat org.testng.internal.Invoker.invokeTestMethods(Invoker.java:1128)\r\n\tat org.testng.internal.TestMethodWorker.invokeTestMethods(TestMethodWorker.java:129)\r\n\tat org.testng.internal.TestMethodWorker.run(TestMethodWorker.java:112)\r\n\tat org.testng.TestRunner.privateRun(TestRunner.java:782)\r\n\tat org.testng.TestRunner.run(TestRunner.java:632)\r\n\tat org.testng.SuiteRunner.runTest(SuiteRunner.java:366)\r\n\tat org.testng.SuiteRunner.runSequentially(SuiteRunner.java:361)\r\n\tat org.testng.SuiteRunner.privateRun(SuiteRunner.java:319)\r\n\tat org.testng.SuiteRunner.run(SuiteRunner.java:268)\r\n\tat org.testng.SuiteRunnerWorker.runSuite(SuiteRunnerWorker.java:52)\r\n\tat org.testng.SuiteRunnerWorker.run(SuiteRunnerWorker.java:86)\r\n\tat org.testng.TestNG.runSuitesSequentially(TestNG.java:1244)\r\n\tat org.testng.TestNG.runSuitesLocally(TestNG.java:1169)\r\n\tat org.testng.TestNG.run(TestNG.java:1064)\r\n\tat org.apache.maven.surefire.testng.TestNGExecutor.run(TestNGExecutor.java:135)\r\n\tat org.apache.maven.surefire.testng.TestNGDirectoryTestSuite.executeSingleClass(TestNGDirectoryTestSuite.java:112)\r\n\tat org.apache.maven.surefire.testng.TestNGDirectoryTestSuite.execute(TestNGDirectoryTestSuite.java:99)\r\n\tat org.apache.maven.surefire.testng.TestNGProvider.invoke(TestNGProvider.java:146)\r\n\tat org.apache.maven.surefire.booter.ForkedBooter.invokeProviderInSameClassLoader(ForkedBooter.java:386)\r\n\tat org.apache.maven.surefire.booter.ForkedBooter.runSuitesInProcess(ForkedBooter.java:323)\r\n\tat org.apache.maven.surefire.booter.ForkedBooter.main(ForkedBooter.java:143)\r\n",
  "flaky" : false,
  "newFailed" : false,
  "beforeStages" : [ ],
  "testStage" : {
    "description" : "Test Description: verify Charge Quantity Editable  ",
    "status" : "broken",
    "statusMessage" : "element click intercepted: Element <input id=\"reg1:0:rWO:0:rPOH:1:itUnitChargeCurrency::content\" name=\"reg1:0:rWO:0:rPOH:1:itUnitChargeCurrency\" style=\"width:65px;\" class=\"x25\" size=\"10\" autocomplete=\"off\" type=\"text\" value=\"2.25\" aria-live=\"off\"> is not clickable at point (786, 248). Other element would receive the click: <div class=\"blockUI blockMsg blockPage\" style=\"z-index: 2147483647; position: fixed; padding: 15px; margin: 0px; width: 30%; top: 40%; left: 35%; text-align: center; color: rgb(0, 61, 91); background-color: rgb(235, 239, 245); cursor: wait; border: none; border-radius: 10px; opacity: 0.9;\">...</div>\n  (Session info: chrome=120.0.6099.217)\nBuild info: version: '4.4.0', revision: 'e5c75ed026a'\nSystem info: host: 'DESKTOP-HN0C78P', ip: '192.168.32.237', os.name: 'Windows 10', os.arch: 'amd64', os.version: '10.0', java.version: '18.0.1.1'\nDriver info: org.openqa.selenium.chrome.ChromeDriver\nCommand: [7b2981d4d1ce5839f0ed912aeb70c231, clickElement {id=2B7F6A7D8DC7C3DE06D7BD640A00F93A_element_1200}]\nCapabilities {acceptInsecureCerts: false, browserName: chrome, browserVersion: 120.0.6099.217, chrome: {chromedriverVersion: 120.0.6099.109 (3419140ab66..., userDataDir: C:\\Users\\hp\\AppData\\Local\\T...}, fedcm:accounts: true, goog:chromeOptions: {debuggerAddress: localhost:49172}, networkConnectionEnabled: false, pageLoadStrategy: normal, platformName: WINDOWS, proxy: Proxy(), se:cdp: ws://localhost:49172/devtoo..., se:cdpVersion: 120.0.6099.217, setWindowRect: true, strictFileInteractability: false, timeouts: {implicit: 0, pageLoad: 300000, script: 30000}, unhandledPromptBehavior: dismiss and notify, webauthn:extension:credBlob: true, webauthn:extension:largeBlob: true, webauthn:extension:minPinLength: true, webauthn:extension:prf: true, webauthn:virtualAuthenticators: true}\nElement: [[ChromeDriver: chrome on WINDOWS (7b2981d4d1ce5839f0ed912aeb70c231)] -> xpath: //input[contains(@id,':itUnitChargeCurrency::content')]]\nSession ID: 7b2981d4d1ce5839f0ed912aeb70c231",
    "statusTrace" : "org.openqa.selenium.ElementClickInterceptedException: element click intercepted: Element <input id=\"reg1:0:rWO:0:rPOH:1:itUnitChargeCurrency::content\" name=\"reg1:0:rWO:0:rPOH:1:itUnitChargeCurrency\" style=\"width:65px;\" class=\"x25\" size=\"10\" autocomplete=\"off\" type=\"text\" value=\"2.25\" aria-live=\"off\"> is not clickable at point (786, 248). Other element would receive the click: <div class=\"blockUI blockMsg blockPage\" style=\"z-index: 2147483647; position: fixed; padding: 15px; margin: 0px; width: 30%; top: 40%; left: 35%; text-align: center; color: rgb(0, 61, 91); background-color: rgb(235, 239, 245); cursor: wait; border: none; border-radius: 10px; opacity: 0.9;\">...</div>\n  (Session info: chrome=120.0.6099.217)\nBuild info: version: '4.4.0', revision: 'e5c75ed026a'\nSystem info: host: 'DESKTOP-HN0C78P', ip: '192.168.32.237', os.name: 'Windows 10', os.arch: 'amd64', os.version: '10.0', java.version: '18.0.1.1'\nDriver info: org.openqa.selenium.chrome.ChromeDriver\nCommand: [7b2981d4d1ce5839f0ed912aeb70c231, clickElement {id=2B7F6A7D8DC7C3DE06D7BD640A00F93A_element_1200}]\nCapabilities {acceptInsecureCerts: false, browserName: chrome, browserVersion: 120.0.6099.217, chrome: {chromedriverVersion: 120.0.6099.109 (3419140ab66..., userDataDir: C:\\Users\\hp\\AppData\\Local\\T...}, fedcm:accounts: true, goog:chromeOptions: {debuggerAddress: localhost:49172}, networkConnectionEnabled: false, pageLoadStrategy: normal, platformName: WINDOWS, proxy: Proxy(), se:cdp: ws://localhost:49172/devtoo..., se:cdpVersion: 120.0.6099.217, setWindowRect: true, strictFileInteractability: false, timeouts: {implicit: 0, pageLoad: 300000, script: 30000}, unhandledPromptBehavior: dismiss and notify, webauthn:extension:credBlob: true, webauthn:extension:largeBlob: true, webauthn:extension:minPinLength: true, webauthn:extension:prf: true, webauthn:virtualAuthenticators: true}\nElement: [[ChromeDriver: chrome on WINDOWS (7b2981d4d1ce5839f0ed912aeb70c231)] -> xpath: //input[contains(@id,':itUnitChargeCurrency::content')]]\nSession ID: 7b2981d4d1ce5839f0ed912aeb70c231\r\n\tat java.base/jdk.internal.reflect.DirectConstructorHandleAccessor.newInstance(DirectConstructorHandleAccessor.java:67)\r\n\tat java.base/java.lang.reflect.Constructor.newInstanceWithCaller(Constructor.java:499)\r\n\tat java.base/java.lang.reflect.Constructor.newInstance(Constructor.java:483)\r\n\tat org.openqa.selenium.remote.codec.w3c.W3CHttpResponseCodec.createException(W3CHttpResponseCodec.java:200)\r\n\tat org.openqa.selenium.remote.codec.w3c.W3CHttpResponseCodec.decode(W3CHttpResponseCodec.java:133)\r\n\tat org.openqa.selenium.remote.codec.w3c.W3CHttpResponseCodec.decode(W3CHttpResponseCodec.java:53)\r\n\tat org.openqa.selenium.remote.HttpCommandExecutor.execute(HttpCommandExecutor.java:184)\r\n\tat org.openqa.selenium.remote.service.DriverCommandExecutor.invokeExecute(DriverCommandExecutor.java:167)\r\n\tat org.openqa.selenium.remote.service.DriverCommandExecutor.execute(DriverCommandExecutor.java:142)\r\n\tat org.openqa.selenium.remote.RemoteWebDriver.execute(RemoteWebDriver.java:547)\r\n\tat org.openqa.selenium.remote.RemoteWebElement.execute(RemoteWebElement.java:257)\r\n\tat org.openqa.selenium.remote.RemoteWebElement.click(RemoteWebElement.java:78)\r\n\tat java.base/jdk.internal.reflect.DirectMethodHandleAccessor.invoke(DirectMethodHandleAccessor.java:104)\r\n\tat java.base/java.lang.reflect.Method.invoke(Method.java:577)\r\n\tat org.openqa.selenium.support.pagefactory.internal.LocatingElementHandler.invoke(LocatingElementHandler.java:52)\r\n\tat jdk.proxy2/jdk.proxy2.$Proxy19.click(Unknown Source)\r\n\tat actions.WebElementActions.clickElement(WebElementActions.java:57)\r\n\tat pages.techRo.DAFServiceManagerPartsRelatedTasks.editChargeQuantity(DAFServiceManagerPartsRelatedTasks.java:565)\r\n\tat tests.techRo.ServiceManagerPartsRelatedTasks.Test_005_verifyChargeQuantityEditable(ServiceManagerPartsRelatedTasks.java:80)\r\n\tat java.base/jdk.internal.reflect.DirectMethodHandleAccessor.invoke(DirectMethodHandleAccessor.java:104)\r\n\tat java.base/java.lang.reflect.Method.invoke(Method.java:577)\r\n\tat org.testng.internal.MethodInvocationHelper.invokeMethod(MethodInvocationHelper.java:86)\r\n\tat org.testng.internal.Invoker.invokeMethod(Invoker.java:643)\r\n\tat org.testng.internal.Invoker.invokeTestMethod(Invoker.java:820)\r\n\tat org.testng.internal.Invoker.invokeTestMethods(Invoker.java:1128)\r\n\tat org.testng.internal.TestMethodWorker.invokeTestMethods(TestMethodWorker.java:129)\r\n\tat org.testng.internal.TestMethodWorker.run(TestMethodWorker.java:112)\r\n\tat org.testng.TestRunner.privateRun(TestRunner.java:782)\r\n\tat org.testng.TestRunner.run(TestRunner.java:632)\r\n\tat org.testng.SuiteRunner.runTest(SuiteRunner.java:366)\r\n\tat org.testng.SuiteRunner.runSequentially(SuiteRunner.java:361)\r\n\tat org.testng.SuiteRunner.privateRun(SuiteRunner.java:319)\r\n\tat org.testng.SuiteRunner.run(SuiteRunner.java:268)\r\n\tat org.testng.SuiteRunnerWorker.runSuite(SuiteRunnerWorker.java:52)\r\n\tat org.testng.SuiteRunnerWorker.run(SuiteRunnerWorker.java:86)\r\n\tat org.testng.TestNG.runSuitesSequentially(TestNG.java:1244)\r\n\tat org.testng.TestNG.runSuitesLocally(TestNG.java:1169)\r\n\tat org.testng.TestNG.run(TestNG.java:1064)\r\n\tat org.apache.maven.surefire.testng.TestNGExecutor.run(TestNGExecutor.java:135)\r\n\tat org.apache.maven.surefire.testng.TestNGDirectoryTestSuite.executeSingleClass(TestNGDirectoryTestSuite.java:112)\r\n\tat org.apache.maven.surefire.testng.TestNGDirectoryTestSuite.execute(TestNGDirectoryTestSuite.java:99)\r\n\tat org.apache.maven.surefire.testng.TestNGProvider.invoke(TestNGProvider.java:146)\r\n\tat org.apache.maven.surefire.booter.ForkedBooter.invokeProviderInSameClassLoader(ForkedBooter.java:386)\r\n\tat org.apache.maven.surefire.booter.ForkedBooter.runSuitesInProcess(ForkedBooter.java:323)\r\n\tat org.apache.maven.surefire.booter.ForkedBooter.main(ForkedBooter.java:143)\r\n",
    "steps" : [ ],
    "attachments" : [ {
      "uid" : "203a33af96e21194",
      "name" : "Page Screenshot",
      "source" : "203a33af96e21194.png",
      "type" : "image/png",
      "size" : 113954
    }, {
      "uid" : "94d3e9cd159950f0",
      "name" : "Page Screenshot",
      "source" : "94d3e9cd159950f0.png",
      "type" : "image/png",
      "size" : 113954
    }, {
      "uid" : "ee3e6ae1a70cfbb6",
      "name" : "Page Screenshot",
      "source" : "ee3e6ae1a70cfbb6.png",
      "type" : "image/png",
      "size" : 113954
    }, {
      "uid" : "ad492e14eaaf280d",
      "name" : "Page Screenshot",
      "source" : "ad492e14eaaf280d.png",
      "type" : "image/png",
      "size" : 113954
    } ],
    "parameters" : [ ],
    "attachmentsCount" : 4,
    "shouldDisplayMessage" : true,
    "hasContent" : true,
    "stepsCount" : 0
  },
  "afterStages" : [ {
    "name" : "afterMethodTakeScreenShot",
    "time" : {
      "start" : 1705509980041,
      "stop" : 1705509980337,
      "duration" : 296
    },
    "description" : "",
    "status" : "passed",
    "steps" : [ ],
    "attachments" : [ {
      "uid" : "b0d477dbca82b8d9",
      "name" : "Page Screenshot",
      "source" : "b0d477dbca82b8d9.png",
      "type" : "image/png",
      "size" : 112840
    } ],
    "parameters" : [ ],
    "attachmentsCount" : 1,
    "shouldDisplayMessage" : false,
    "hasContent" : true,
    "stepsCount" : 0
  } ],
  "labels" : [ {
    "name" : "package",
    "value" : "tests.techRo.ServiceManagerPartsRelatedTasks"
  }, {
    "name" : "testClass",
    "value" : "tests.techRo.ServiceManagerPartsRelatedTasks"
  }, {
    "name" : "testMethod",
    "value" : "Test_005_verifyChargeQuantityEditable"
  }, {
    "name" : "parentSuite",
    "value" : "Surefire suite"
  }, {
    "name" : "suite",
    "value" : "Surefire test"
  }, {
    "name" : "subSuite",
    "value" : "tests.techRo.ServiceManagerPartsRelatedTasks"
  }, {
    "name" : "host",
    "value" : "DESKTOP-HN0C78P"
  }, {
    "name" : "thread",
    "value" : "17288@DESKTOP-HN0C78P.main(1)"
  }, {
    "name" : "framework",
    "value" : "testng"
  }, {
    "name" : "language",
    "value" : "java"
  }, {
    "name" : "resultFormat",
    "value" : "allure2"
  } ],
  "parameters" : [ ],
  "links" : [ ],
  "hidden" : true,
  "retry" : true,
  "extra" : {
    "categories" : [ ],
    "tags" : [ ]
  },
  "source" : "b8713be37194a27a.json",
  "parameterValues" : [ ]
}