{"name":"generateAllure","status":"broken","statusDetails":{"known":false,"muted":false,"flaky":false,"message":"Cannot run program \"F:\\GithubFinal\\RefactorScript\\allure-2.13.6\\bin\\allure.bat\": CreateProcess error=2, The system cannot find the file specified","trace":"java.io.IOException: Cannot run program \"F:\\GithubFinal\\RefactorScript\\allure-2.13.6\\bin\\allure.bat\": CreateProcess error=2, The system cannot find the file specified\r\n\tat java.base/java.lang.ProcessBuilder.start(ProcessBuilder.java:1128)\r\n\tat java.base/java.lang.ProcessBuilder.start(ProcessBuilder.java:1071)\r\n\tat java.base/java.lang.Runtime.exec(Runtime.java:589)\r\n\tat java.base/java.lang.Runtime.exec(Runtime.java:413)\r\n\tat java.base/java.lang.Runtime.exec(Runtime.java:310)\r\n\tat tests.TestDriverActions.generateAllure(TestDriverActions.java:668)\r\n\tat java.base/jdk.internal.reflect.NativeMethodAccessorImpl.invoke0(Native Method)\r\n\tat java.base/jdk.internal.reflect.NativeMethodAccessorImpl.invoke(NativeMethodAccessorImpl.java:62)\r\n\tat java.base/jdk.internal.reflect.DelegatingMethodAccessorImpl.invoke(DelegatingMethodAccessorImpl.java:43)\r\n\tat java.base/java.lang.reflect.Method.invoke(Method.java:566)\r\n\tat org.testng.internal.MethodInvocationHelper.invokeMethod(MethodInvocationHelper.java:86)\r\n\tat org.testng.internal.Invoker.invokeConfigurationMethod(Invoker.java:514)\r\n\tat org.testng.internal.Invoker.invokeConfigurations(Invoker.java:215)\r\n\tat org.testng.internal.Invoker.invokeConfigurations(Invoker.java:142)\r\n\tat org.testng.SuiteRunner.privateRun(SuiteRunner.java:336)\r\n\tat org.testng.SuiteRunner.run(SuiteRunner.java:268)\r\n\tat org.testng.SuiteRunnerWorker.runSuite(SuiteRunnerWorker.java:52)\r\n\tat org.testng.SuiteRunnerWorker.run(SuiteRunnerWorker.java:86)\r\n\tat org.testng.TestNG.runSuitesSequentially(TestNG.java:1244)\r\n\tat org.testng.TestNG.runSuitesLocally(TestNG.java:1169)\r\n\tat org.testng.TestNG.run(TestNG.java:1064)\r\n\tat org.apache.maven.surefire.testng.TestNGExecutor.run(TestNGExecutor.java:135)\r\n\tat org.apache.maven.surefire.testng.TestNGDirectoryTestSuite.executeSingleClass(TestNGDirectoryTestSuite.java:112)\r\n\tat org.apache.maven.surefire.testng.TestNGDirectoryTestSuite.execute(TestNGDirectoryTestSuite.java:99)\r\n\tat org.apache.maven.surefire.testng.TestNGProvider.invoke(TestNGProvider.java:146)\r\n\tat org.apache.maven.surefire.booter.ForkedBooter.invokeProviderInSameClassLoader(ForkedBooter.java:386)\r\n\tat org.apache.maven.surefire.booter.ForkedBooter.runSuitesInProcess(ForkedBooter.java:323)\r\n\tat org.apache.maven.surefire.booter.ForkedBooter.main(ForkedBooter.java:143)\r\nCaused by: java.io.IOException: CreateProcess error=2, The system cannot find the file specified\r\n\tat java.base/java.lang.ProcessImpl.create(Native Method)\r\n\tat java.base/java.lang.ProcessImpl.<init>(ProcessImpl.java:492)\r\n\tat java.base/java.lang.ProcessImpl.start(ProcessImpl.java:153)\r\n\tat java.base/java.lang.ProcessBuilder.start(ProcessBuilder.java:1107)\r\n\t... 27 more\r\n"},"stage":"finished","steps":[],"attachments":[],"parameters":[],"start":1709730636125,"stop":1709730636125,"uuid":"131ca009-f74f-43c0-aae6-e69f5f2faad8","historyId":"aac5fe1bde512becd00b1f8d96ee3544","fullName":"tests.TestDriverActions.generateAllure","labels":[{"name":"package","value":"tests.ticket.UnableToRemoveCoreLink_CONVOY"},{"name":"testClass","value":"tests.ticket.UnableToRemoveCoreLink_CONVOY"},{"name":"testMethod","value":"generateAllure"},{"name":"parentSuite","value":"Surefire suite"},{"name":"suite","value":"Surefire test"},{"name":"subSuite","value":"tests.ticket.UnableToRemoveCoreLink_CONVOY"},{"name":"host","value":"PC-9"},{"name":"thread","value":"23312@PC-9.main(1)"},{"name":"framework","value":"testng"},{"name":"language","value":"java"}],"links":[]}