<!DOCTYPE html>

<html>
  <head>
  <meta charset='utf-8'>
  <title>TestNG reports</title>

    <link type="text/css" href="testng-reports.css" rel="stylesheet" />  
    <script type="text/javascript" src="jquery-1.7.1.min.js"></script>
    <script type="text/javascript" src="testng-reports.js"></script>
    <script type="text/javascript" src="https://www.google.com/jsapi"></script>
    <script type='text/javascript'>
      google.load('visualization', '1', {packages:['table']});
      google.setOnLoadCallback(drawTable);
      var suiteTableInitFunctions = new Array();
      var suiteTableData = new Array();
    </script>
    <!--
      <script type="text/javascript" src="jquery-ui/js/jquery-ui-1.8.16.custom.min.js"></script>
     -->
  </head>

  <body>
    <div class="top-banner-root">
      <span class="top-banner-title-font">Test results</span>
      <br/>
      <span class="top-banner-font-1">1 suite, 4 failed tests</span>
    </div> <!-- top-banner-root -->
    <div class="navigator-root">
      <div class="navigator-suite-header">
        <span>All suites</span>
        <a href="#" title="Collapse/expand all the suites" class="collapse-all-link">
          <img src="collapseall.gif" class="collapse-all-icon">
          </img> <!-- collapse-all-icon -->
        </a> <!-- collapse-all-link -->
      </div> <!-- navigator-suite-header -->
      <div class="suite">
        <div class="rounded-window">
          <div class="suite-header light-rounded-window-top">
            <a href="#" panel-name="suite-Surefire_suite" class="navigator-link">
              <span class="suite-name border-failed">Surefire suite</span>
            </a> <!-- navigator-link -->
          </div> <!-- suite-header light-rounded-window-top -->
          <div class="navigator-suite-content">
            <div class="suite-section-title">
              <span>Info</span>
            </div> <!-- suite-section-title -->
            <div class="suite-section-content">
              <ul>
                <li>
                  <a href="#" panel-name="test-xml-Surefire_suite" class="navigator-link ">
                    <span>[unset file name]</span>
                  </a> <!-- navigator-link  -->
                </li>
                <li>
                  <a href="#" panel-name="testlist-Surefire_suite" class="navigator-link ">
                    <span class="test-stats">2 tests</span>
                  </a> <!-- navigator-link  -->
                </li>
                <li>
                  <a href="#" panel-name="group-Surefire_suite" class="navigator-link ">
                    <span>0 groups</span>
                  </a> <!-- navigator-link  -->
                </li>
                <li>
                  <a href="#" panel-name="times-Surefire_suite" class="navigator-link ">
                    <span>Times</span>
                  </a> <!-- navigator-link  -->
                </li>
                <li>
                  <a href="#" panel-name="reporter-Surefire_suite" class="navigator-link ">
                    <span>Reporter output</span>
                  </a> <!-- navigator-link  -->
                </li>
                <li>
                  <a href="#" panel-name="ignored-methods-Surefire_suite" class="navigator-link ">
                    <span>Ignored methods</span>
                  </a> <!-- navigator-link  -->
                </li>
                <li>
                  <a href="#" panel-name="chronological-Surefire_suite" class="navigator-link ">
                    <span>Chronological view</span>
                  </a> <!-- navigator-link  -->
                </li>
              </ul>
            </div> <!-- suite-section-content -->
            <div class="result-section">
              <div class="suite-section-title">
                <span>Results</span>
              </div> <!-- suite-section-title -->
              <div class="suite-section-content">
                <ul>
                  <li>
                    <span class="method-stats">9 methods, 4 failed,   5 passed</span>
                  </li>
                  <li>
                    <span class="method-list-title failed">Failed methods</span>
                    <span class="show-or-hide-methods failed">
                      <a href="#" panel-name="suite-Surefire_suite" class="hide-methods failed suite-Surefire_suite"> (hide)</a> <!-- hide-methods failed suite-Surefire_suite -->
                      <a href="#" panel-name="suite-Surefire_suite" class="show-methods failed suite-Surefire_suite"> (show)</a> <!-- show-methods failed suite-Surefire_suite -->
                    </span>
                    <div class="method-list-content failed suite-Surefire_suite">
                      <span>
                        <img src="failed.png" width="3%"/>
                        <a href="#" panel-name="suite-Surefire_suite" title="tests.parts.ReceiveParts" class="method navigator-link" hash-for-method="Test_006_verifyVendorPart">Test_006_verifyVendorPart</a> <!-- method navigator-link -->
                      </span>
                      <br/>
                      <span>
                        <img src="failed.png" width="3%"/>
                        <a href="#" panel-name="suite-Surefire_suite" title="tests.parts.ReceiveParts" class="method navigator-link" hash-for-method="Test_007_verifyLink">Test_007_verifyLink</a> <!-- method navigator-link -->
                      </span>
                      <br/>
                      <span>
                        <img src="failed.png" width="3%"/>
                        <a href="#" panel-name="suite-Surefire_suite" title="tests.parts.ReceiveParts" class="method navigator-link" hash-for-method="Test_008_verifyHash">Test_008_verifyHash</a> <!-- method navigator-link -->
                      </span>
                      <br/>
                      <span>
                        <img src="failed.png" width="3%"/>
                        <a href="#" panel-name="suite-Surefire_suite" title="tests.parts.ReceiveParts" class="method navigator-link" hash-for-method="Test_009_clickOnCancelButton">Test_009_clickOnCancelButton</a> <!-- method navigator-link -->
                      </span>
                      <br/>
                    </div> <!-- method-list-content failed suite-Surefire_suite -->
                  </li>
                  <li>
                    <span class="method-list-title passed">Passed methods</span>
                    <span class="show-or-hide-methods passed">
                      <a href="#" panel-name="suite-Surefire_suite" class="hide-methods passed suite-Surefire_suite"> (hide)</a> <!-- hide-methods passed suite-Surefire_suite -->
                      <a href="#" panel-name="suite-Surefire_suite" class="show-methods passed suite-Surefire_suite"> (show)</a> <!-- show-methods passed suite-Surefire_suite -->
                    </span>
                    <div class="method-list-content passed suite-Surefire_suite">
                      <span>
                        <img src="passed.png" width="3%"/>
                        <a href="#" panel-name="suite-Surefire_suite" title="tests.parts.ReceiveParts" class="method navigator-link" hash-for-method="Test_001_gotoReceiveParts">Test_001_gotoReceiveParts</a> <!-- method navigator-link -->
                      </span>
                      <br/>
                      <span>
                        <img src="passed.png" width="3%"/>
                        <a href="#" panel-name="suite-Surefire_suite" title="tests.parts.ReceiveParts" class="method navigator-link" hash-for-method="Test_002_clickOnPoNumber">Test_002_clickOnPoNumber</a> <!-- method navigator-link -->
                      </span>
                      <br/>
                      <span>
                        <img src="passed.png" width="3%"/>
                        <a href="#" panel-name="suite-Surefire_suite" title="tests.parts.ReceiveParts" class="method navigator-link" hash-for-method="Test_003_verifyPurchesOrder">Test_003_verifyPurchesOrder</a> <!-- method navigator-link -->
                      </span>
                      <br/>
                      <span>
                        <img src="passed.png" width="3%"/>
                        <a href="#" panel-name="suite-Surefire_suite" title="tests.parts.ReceiveParts" class="method navigator-link" hash-for-method="Test_004_verifyNotes">Test_004_verifyNotes</a> <!-- method navigator-link -->
                      </span>
                      <br/>
                      <span>
                        <img src="passed.png" width="3%"/>
                        <a href="#" panel-name="suite-Surefire_suite" title="tests.parts.ReceiveParts" class="method navigator-link" hash-for-method="Test_005_verifyvoidedDate">Test_005_verifyvoidedDate</a> <!-- method navigator-link -->
                      </span>
                      <br/>
                    </div> <!-- method-list-content passed suite-Surefire_suite -->
                  </li>
                </ul>
              </div> <!-- suite-section-content -->
            </div> <!-- result-section -->
          </div> <!-- navigator-suite-content -->
        </div> <!-- rounded-window -->
      </div> <!-- suite -->
    </div> <!-- navigator-root -->
    <div class="wrapper">
      <div class="main-panel-root">
        <div panel-name="suite-Surefire_suite" class="panel Surefire_suite">
          <div class="suite-Surefire_suite-class-failed">
            <div class="main-panel-header rounded-window-top">
              <img src="failed.png"/>
              <span class="class-name">tests.parts.ReceiveParts</span>
            </div> <!-- main-panel-header rounded-window-top -->
            <div class="main-panel-content rounded-window-bottom">
              <div class="method">
                <div class="method-content">
                  <a name="Test_006_verifyVendorPart">
                  </a> <!-- Test_006_verifyVendorPart -->
                  <span class="method-name">Test_006_verifyVendorPart</span>
                  <div class="stack-trace">org.openqa.selenium.NoSuchElementException: no such element: Unable to locate element: {&quot;method&quot;:&quot;xpath&quot;,&quot;selector&quot;:&quot;//span[text()=&apos;Link/Delink Labor&apos;]&quot;}
  (Session info: chrome=120.0.6099.200)
For documentation on this error, please visit: https://selenium.dev/exceptions/#no_such_element
Build info: version: &apos;4.4.0&apos;, revision: &apos;e5c75ed026a&apos;
System info: host: &apos;PC-9&apos;, ip: &apos;192.168.29.154&apos;, os.name: &apos;Windows 11&apos;, os.arch: &apos;amd64&apos;, os.version: &apos;10.0&apos;, java.version: &apos;11.0.18&apos;
Driver info: org.openqa.selenium.chrome.ChromeDriver
Command: [67b4308d3d3ccd3dea3066d13eed661e, findElement {using=xpath, value=//span[text()=&apos;Link/Delink Labor&apos;]}]
Capabilities {acceptInsecureCerts: false, browserName: chrome, browserVersion: 120.0.6099.200, chrome: {chromedriverVersion: 120.0.6099.109 (3419140ab66..., userDataDir: C:\Users\pc9-q\AppData\Loca...}, fedcm:accounts: true, goog:chromeOptions: {debuggerAddress: localhost:63350}, networkConnectionEnabled: false, pageLoadStrategy: normal, platformName: WINDOWS, proxy: Proxy(), se:cdp: ws://localhost:63350/devtoo..., se:cdpVersion: 120.0.6099.200, setWindowRect: true, strictFileInteractability: false, timeouts: {implicit: 0, pageLoad: 300000, script: 30000}, unhandledPromptBehavior: dismiss and notify, webauthn:extension:credBlob: true, webauthn:extension:largeBlob: true, webauthn:extension:minPinLength: true, webauthn:extension:prf: true, webauthn:virtualAuthenticators: true}
Session ID: 67b4308d3d3ccd3dea3066d13eed661e
	at org.openqa.selenium.remote.codec.w3c.W3CHttpResponseCodec.createException(W3CHttpResponseCodec.java:200)
	at org.openqa.selenium.remote.codec.w3c.W3CHttpResponseCodec.decode(W3CHttpResponseCodec.java:133)
	at org.openqa.selenium.remote.codec.w3c.W3CHttpResponseCodec.decode(W3CHttpResponseCodec.java:53)
	at org.openqa.selenium.remote.HttpCommandExecutor.execute(HttpCommandExecutor.java:184)
	at org.openqa.selenium.remote.service.DriverCommandExecutor.invokeExecute(DriverCommandExecutor.java:167)
	at org.openqa.selenium.remote.service.DriverCommandExecutor.execute(DriverCommandExecutor.java:142)
	at org.openqa.selenium.remote.RemoteWebDriver.execute(RemoteWebDriver.java:547)
	at org.openqa.selenium.remote.ElementLocation$ElementFinder$2.findElement(ElementLocation.java:162)
	at org.openqa.selenium.remote.ElementLocation.findElement(ElementLocation.java:60)
	at org.openqa.selenium.remote.RemoteWebDriver.findElement(RemoteWebDriver.java:365)
	at org.openqa.selenium.remote.RemoteWebDriver.findElement(RemoteWebDriver.java:357)
	at org.openqa.selenium.support.pagefactory.DefaultElementLocator.findElement(DefaultElementLocator.java:70)
	at org.openqa.selenium.support.pagefactory.internal.LocatingElementHandler.invoke(LocatingElementHandler.java:39)
	at com.sun.proxy.$Proxy18.isDisplayed(Unknown Source)
	at pages.parts.ReceivePart.verifyLinkDeLink(ReceivePart.java:569)
	at tests.parts.ReceiveParts.Test_006_verifyVendorPart(ReceiveParts.java:91)
... Removed 31 stack frames
</div> <!-- stack-trace -->
                  <em>
(Test006: verify Vendor Part   )                  </em>
                </div> <!-- method-content -->
              </div> <!-- method -->
              <div class="method">
                <div class="method-content">
                  <a name="Test_007_verifyLink">
                  </a> <!-- Test_007_verifyLink -->
                  <span class="method-name">Test_007_verifyLink</span>
                  <div class="stack-trace">org.openqa.selenium.NoSuchElementException: no such element: Unable to locate element: {&quot;method&quot;:&quot;xpath&quot;,&quot;selector&quot;:&quot;//div[text()=&apos;Link Part to RO Activity or Counter Sale&apos;]&quot;}
  (Session info: chrome=120.0.6099.200)
For documentation on this error, please visit: https://selenium.dev/exceptions/#no_such_element
Build info: version: &apos;4.4.0&apos;, revision: &apos;e5c75ed026a&apos;
System info: host: &apos;PC-9&apos;, ip: &apos;192.168.29.154&apos;, os.name: &apos;Windows 11&apos;, os.arch: &apos;amd64&apos;, os.version: &apos;10.0&apos;, java.version: &apos;11.0.18&apos;
Driver info: org.openqa.selenium.chrome.ChromeDriver
Command: [67b4308d3d3ccd3dea3066d13eed661e, findElement {using=xpath, value=//div[text()=&apos;Link Part to RO Activity or Counter Sale&apos;]}]
Capabilities {acceptInsecureCerts: false, browserName: chrome, browserVersion: 120.0.6099.200, chrome: {chromedriverVersion: 120.0.6099.109 (3419140ab66..., userDataDir: C:\Users\pc9-q\AppData\Loca...}, fedcm:accounts: true, goog:chromeOptions: {debuggerAddress: localhost:63350}, networkConnectionEnabled: false, pageLoadStrategy: normal, platformName: WINDOWS, proxy: Proxy(), se:cdp: ws://localhost:63350/devtoo..., se:cdpVersion: 120.0.6099.200, setWindowRect: true, strictFileInteractability: false, timeouts: {implicit: 0, pageLoad: 300000, script: 30000}, unhandledPromptBehavior: dismiss and notify, webauthn:extension:credBlob: true, webauthn:extension:largeBlob: true, webauthn:extension:minPinLength: true, webauthn:extension:prf: true, webauthn:virtualAuthenticators: true}
Session ID: 67b4308d3d3ccd3dea3066d13eed661e
	at org.openqa.selenium.remote.codec.w3c.W3CHttpResponseCodec.createException(W3CHttpResponseCodec.java:200)
	at org.openqa.selenium.remote.codec.w3c.W3CHttpResponseCodec.decode(W3CHttpResponseCodec.java:133)
	at org.openqa.selenium.remote.codec.w3c.W3CHttpResponseCodec.decode(W3CHttpResponseCodec.java:53)
	at org.openqa.selenium.remote.HttpCommandExecutor.execute(HttpCommandExecutor.java:184)
	at org.openqa.selenium.remote.service.DriverCommandExecutor.invokeExecute(DriverCommandExecutor.java:167)
	at org.openqa.selenium.remote.service.DriverCommandExecutor.execute(DriverCommandExecutor.java:142)
	at org.openqa.selenium.remote.RemoteWebDriver.execute(RemoteWebDriver.java:547)
	at org.openqa.selenium.remote.ElementLocation$ElementFinder$2.findElement(ElementLocation.java:162)
	at org.openqa.selenium.remote.ElementLocation.findElement(ElementLocation.java:60)
	at org.openqa.selenium.remote.RemoteWebDriver.findElement(RemoteWebDriver.java:365)
	at org.openqa.selenium.remote.RemoteWebDriver.findElement(RemoteWebDriver.java:357)
	at org.openqa.selenium.support.pagefactory.DefaultElementLocator.findElement(DefaultElementLocator.java:70)
	at org.openqa.selenium.support.pagefactory.internal.LocatingElementHandler.invoke(LocatingElementHandler.java:39)
	at com.sun.proxy.$Proxy18.isDisplayed(Unknown Source)
	at pages.parts.ReceivePart.verifyLinkPartToRO(ReceivePart.java:599)
	at tests.parts.ReceiveParts.Test_007_verifyLink(ReceiveParts.java:102)
... Removed 31 stack frames
</div> <!-- stack-trace -->
                  <em>
(Test007: verify Link   )                  </em>
                </div> <!-- method-content -->
              </div> <!-- method -->
              <div class="method">
                <div class="method-content">
                  <a name="Test_008_verifyHash">
                  </a> <!-- Test_008_verifyHash -->
                  <span class="method-name">Test_008_verifyHash</span>
                  <div class="stack-trace">org.openqa.selenium.NoSuchElementException: no such element: Unable to locate element: {&quot;method&quot;:&quot;xpath&quot;,&quot;selector&quot;:&quot;//span[text()=&apos;#&apos;]&quot;}
  (Session info: chrome=120.0.6099.200)
For documentation on this error, please visit: https://selenium.dev/exceptions/#no_such_element
Build info: version: &apos;4.4.0&apos;, revision: &apos;e5c75ed026a&apos;
System info: host: &apos;PC-9&apos;, ip: &apos;192.168.29.154&apos;, os.name: &apos;Windows 11&apos;, os.arch: &apos;amd64&apos;, os.version: &apos;10.0&apos;, java.version: &apos;11.0.18&apos;
Driver info: org.openqa.selenium.chrome.ChromeDriver
Command: [67b4308d3d3ccd3dea3066d13eed661e, findElement {using=xpath, value=//span[text()=&apos;#&apos;]}]
Capabilities {acceptInsecureCerts: false, browserName: chrome, browserVersion: 120.0.6099.200, chrome: {chromedriverVersion: 120.0.6099.109 (3419140ab66..., userDataDir: C:\Users\pc9-q\AppData\Loca...}, fedcm:accounts: true, goog:chromeOptions: {debuggerAddress: localhost:63350}, networkConnectionEnabled: false, pageLoadStrategy: normal, platformName: WINDOWS, proxy: Proxy(), se:cdp: ws://localhost:63350/devtoo..., se:cdpVersion: 120.0.6099.200, setWindowRect: true, strictFileInteractability: false, timeouts: {implicit: 0, pageLoad: 300000, script: 30000}, unhandledPromptBehavior: dismiss and notify, webauthn:extension:credBlob: true, webauthn:extension:largeBlob: true, webauthn:extension:minPinLength: true, webauthn:extension:prf: true, webauthn:virtualAuthenticators: true}
Session ID: 67b4308d3d3ccd3dea3066d13eed661e
	at org.openqa.selenium.remote.codec.w3c.W3CHttpResponseCodec.createException(W3CHttpResponseCodec.java:200)
	at org.openqa.selenium.remote.codec.w3c.W3CHttpResponseCodec.decode(W3CHttpResponseCodec.java:133)
	at org.openqa.selenium.remote.codec.w3c.W3CHttpResponseCodec.decode(W3CHttpResponseCodec.java:53)
	at org.openqa.selenium.remote.HttpCommandExecutor.execute(HttpCommandExecutor.java:184)
	at org.openqa.selenium.remote.service.DriverCommandExecutor.invokeExecute(DriverCommandExecutor.java:167)
	at org.openqa.selenium.remote.service.DriverCommandExecutor.execute(DriverCommandExecutor.java:142)
	at org.openqa.selenium.remote.RemoteWebDriver.execute(RemoteWebDriver.java:547)
	at org.openqa.selenium.remote.ElementLocation$ElementFinder$2.findElement(ElementLocation.java:162)
	at org.openqa.selenium.remote.ElementLocation.findElement(ElementLocation.java:60)
	at org.openqa.selenium.remote.RemoteWebDriver.findElement(RemoteWebDriver.java:365)
	at org.openqa.selenium.remote.RemoteWebDriver.findElement(RemoteWebDriver.java:357)
	at org.openqa.selenium.support.pagefactory.DefaultElementLocator.findElement(DefaultElementLocator.java:70)
	at org.openqa.selenium.support.pagefactory.internal.LocatingElementHandler.invoke(LocatingElementHandler.java:39)
	at com.sun.proxy.$Proxy18.isDisplayed(Unknown Source)
	at pages.parts.ReceivePart.verifyHash(ReceivePart.java:670)
	at tests.parts.ReceiveParts.Test_008_verifyHash(ReceiveParts.java:118)
... Removed 31 stack frames
</div> <!-- stack-trace -->
                  <em>
(Test008: verify Hash )                  </em>
                </div> <!-- method-content -->
              </div> <!-- method -->
              <div class="method">
                <div class="method-content">
                  <a name="Test_009_clickOnCancelButton">
                  </a> <!-- Test_009_clickOnCancelButton -->
                  <span class="method-name">Test_009_clickOnCancelButton</span>
                  <div class="stack-trace">org.openqa.selenium.TimeoutException: Expected condition failed: waiting for element to be clickable: Proxy element for: DefaultElementLocator &apos;By.xpath: //label[text()=&apos;Counter Sale&apos;]/following::span[text()=&apos;Cancel&apos;][1]&apos; (tried for 40 second(s) with 500 milliseconds interval)
	at org.openqa.selenium.support.ui.WebDriverWait.timeoutException(WebDriverWait.java:87)
	at org.openqa.selenium.support.ui.FluentWait.until(FluentWait.java:231)
	at actions.WaitActions.waitForElementTobeClickable(WaitActions.java:98)
	at actions.WebElementActions.clickElement(WebElementActions.java:54)
	at pages.parts.ReceivePart.clickOnCancelButton(ReceivePart.java:730)
	at tests.parts.ReceiveParts.Test_009_clickOnCancelButton(ReceiveParts.java:132)
Caused by: org.openqa.selenium.NoSuchElementException: no such element: Unable to locate element: {&quot;method&quot;:&quot;xpath&quot;,&quot;selector&quot;:&quot;//label[text()=&apos;Counter Sale&apos;]/following::span[text()=&apos;Cancel&apos;][1]&quot;}
  (Session info: chrome=120.0.6099.200)
For documentation on this error, please visit: https://selenium.dev/exceptions/#no_such_element
Build info: version: &apos;4.4.0&apos;, revision: &apos;e5c75ed026a&apos;
System info: host: &apos;PC-9&apos;, ip: &apos;192.168.29.154&apos;, os.name: &apos;Windows 11&apos;, os.arch: &apos;amd64&apos;, os.version: &apos;10.0&apos;, java.version: &apos;11.0.18&apos;
Driver info: org.openqa.selenium.chrome.ChromeDriver
Command: [67b4308d3d3ccd3dea3066d13eed661e, findElement {using=xpath, value=//label[text()=&apos;Counter Sale&apos;]/following::span[text()=&apos;Cancel&apos;][1]}]
Capabilities {acceptInsecureCerts: false, browserName: chrome, browserVersion: 120.0.6099.200, chrome: {chromedriverVersion: 120.0.6099.109 (3419140ab66..., userDataDir: C:\Users\pc9-q\AppData\Loca...}, fedcm:accounts: true, goog:chromeOptions: {debuggerAddress: localhost:63350}, networkConnectionEnabled: false, pageLoadStrategy: normal, platformName: WINDOWS, proxy: Proxy(), se:cdp: ws://localhost:63350/devtoo..., se:cdpVersion: 120.0.6099.200, setWindowRect: true, strictFileInteractability: false, timeouts: {implicit: 0, pageLoad: 300000, script: 30000}, unhandledPromptBehavior: dismiss and notify, webauthn:extension:credBlob: true, webauthn:extension:largeBlob: true, webauthn:extension:minPinLength: true, webauthn:extension:prf: true, webauthn:virtualAuthenticators: true}
Session ID: 67b4308d3d3ccd3dea3066d13eed661e
	at org.openqa.selenium.remote.codec.w3c.W3CHttpResponseCodec.createException(W3CHttpResponseCodec.java:200)
	at org.openqa.selenium.remote.codec.w3c.W3CHttpResponseCodec.decode(W3CHttpResponseCodec.java:133)
	at org.openqa.selenium.remote.codec.w3c.W3CHttpResponseCodec.decode(W3CHttpResponseCodec.java:53)
	at org.openqa.selenium.remote.HttpCommandExecutor.execute(HttpCommandExecutor.java:184)
	at org.openqa.selenium.remote.service.DriverCommandExecutor.invokeExecute(DriverCommandExecutor.java:167)
	at org.openqa.selenium.remote.service.DriverCommandExecutor.execute(DriverCommandExecutor.java:142)
	at org.openqa.selenium.remote.RemoteWebDriver.execute(RemoteWebDriver.java:547)
	at org.openqa.selenium.remote.ElementLocation$ElementFinder$2.findElement(ElementLocation.java:162)
	at org.openqa.selenium.remote.ElementLocation.findElement(ElementLocation.java:60)
	at org.openqa.selenium.remote.RemoteWebDriver.findElement(RemoteWebDriver.java:365)
	at org.openqa.selenium.remote.RemoteWebDriver.findElement(RemoteWebDriver.java:357)
	at org.openqa.selenium.support.pagefactory.DefaultElementLocator.findElement(DefaultElementLocator.java:70)
	at org.openqa.selenium.support.pagefactory.internal.LocatingElementHandler.invoke(LocatingElementHandler.java:39)
	at com.sun.proxy.$Proxy18.isDisplayed(Unknown Source)
	at org.openqa.selenium.support.ui.ExpectedConditions.elementIfVisible(ExpectedConditions.java:307)
	at org.openqa.selenium.support.ui.ExpectedConditions.access$000(ExpectedConditions.java:40)
	at org.openqa.selenium.support.ui.ExpectedConditions$10.apply(ExpectedConditions.java:293)
	at org.openqa.selenium.support.ui.ExpectedConditions$10.apply(ExpectedConditions.java:290)
	at org.openqa.selenium.support.ui.ExpectedConditions$23.apply(ExpectedConditions.java:660)
	at org.openqa.selenium.support.ui.ExpectedConditions$23.apply(ExpectedConditions.java:656)
	at org.openqa.selenium.support.ui.FluentWait.until(FluentWait.java:208)
	... 32 more
... Removed 31 stack frames
</div> <!-- stack-trace -->
                  <em>
(Test009: click On Cancel Button )                  </em>
                </div> <!-- method-content -->
              </div> <!-- method -->
            </div> <!-- main-panel-content rounded-window-bottom -->
          </div> <!-- suite-Surefire_suite-class-failed -->
          <div class="suite-Surefire_suite-class-passed">
            <div class="main-panel-header rounded-window-top">
              <img src="passed.png"/>
              <span class="class-name">tests.parts.ReceiveParts</span>
            </div> <!-- main-panel-header rounded-window-top -->
            <div class="main-panel-content rounded-window-bottom">
              <div class="method">
                <div class="method-content">
                  <a name="Test_001_gotoReceiveParts">
                  </a> <!-- Test_001_gotoReceiveParts -->
                  <span class="method-name">Test_001_gotoReceiveParts</span>
                  <em>
(Test_001 Login to the page and go to Receive Part screen )                  </em>
                </div> <!-- method-content -->
              </div> <!-- method -->
              <div class="method">
                <div class="method-content">
                  <a name="Test_002_clickOnPoNumber">
                  </a> <!-- Test_002_clickOnPoNumber -->
                  <span class="method-name">Test_002_clickOnPoNumber</span>
                  <em>
(Test002: click on PO number and verify Link/DeLink Labor)                  </em>
                </div> <!-- method-content -->
              </div> <!-- method -->
              <div class="method">
                <div class="method-content">
                  <a name="Test_003_verifyPurchesOrder">
                  </a> <!-- Test_003_verifyPurchesOrder -->
                  <span class="method-name">Test_003_verifyPurchesOrder</span>
                  <em>
(Test003: verify Purches Order )                  </em>
                </div> <!-- method-content -->
              </div> <!-- method -->
              <div class="method">
                <div class="method-content">
                  <a name="Test_004_verifyNotes">
                  </a> <!-- Test_004_verifyNotes -->
                  <span class="method-name">Test_004_verifyNotes</span>
                  <em>
(Test004: verify Notes )                  </em>
                </div> <!-- method-content -->
              </div> <!-- method -->
              <div class="method">
                <div class="method-content">
                  <a name="Test_005_verifyvoidedDate">
                  </a> <!-- Test_005_verifyvoidedDate -->
                  <span class="method-name">Test_005_verifyvoidedDate</span>
                  <em>
(Test005: verify Voided Date  )                  </em>
                </div> <!-- method-content -->
              </div> <!-- method -->
            </div> <!-- main-panel-content rounded-window-bottom -->
          </div> <!-- suite-Surefire_suite-class-passed -->
        </div> <!-- panel Surefire_suite -->
        <div panel-name="test-xml-Surefire_suite" class="panel">
          <div class="main-panel-header rounded-window-top">
          </div> <!-- main-panel-header rounded-window-top -->
          <div class="main-panel-content rounded-window-bottom">
            <pre>
&lt;?xml version=&quot;1.0&quot; encoding=&quot;UTF-8&quot;?&gt;
&lt;!DOCTYPE suite SYSTEM &quot;http://testng.org/testng-1.0.dtd&quot;&gt;
&lt;suite thread-count=&quot;1&quot; name=&quot;Surefire suite&quot; verbose=&quot;0&quot;&gt;
  &lt;test name=&quot;Surefire test&quot;&gt;
    &lt;classes&gt;
      &lt;class name=&quot;tests.parts.ReceiveParts&quot;/&gt;
    &lt;/classes&gt;
  &lt;/test&gt; &lt;!-- Surefire test --&gt;
  &lt;test name=&quot;Surefire test(failed)&quot;&gt;
    &lt;classes&gt;
      &lt;class name=&quot;tests.parts.ReceiveParts&quot;&gt;
        &lt;methods&gt;
          &lt;include name=&quot;generateAllure&quot;/&gt;
          &lt;include name=&quot;afterMethodTakeScreenShot&quot;/&gt;
          &lt;include name=&quot;Test_009_clickOnCancelButton&quot;/&gt;
          &lt;include name=&quot;Test_007_verifyLink&quot;/&gt;
          &lt;include name=&quot;Test_006_verifyVendorPart&quot;/&gt;
          &lt;include name=&quot;initialization&quot;/&gt;
          &lt;include name=&quot;Test_008_verifyHash&quot;/&gt;
        &lt;/methods&gt;
      &lt;/class&gt; &lt;!-- tests.parts.ReceiveParts --&gt;
    &lt;/classes&gt;
  &lt;/test&gt; &lt;!-- Surefire test(failed) --&gt;
&lt;/suite&gt; &lt;!-- Surefire suite --&gt;
            </pre>
          </div> <!-- main-panel-content rounded-window-bottom -->
        </div> <!-- panel -->
        <div panel-name="testlist-Surefire_suite" class="panel">
          <div class="main-panel-header rounded-window-top">
            <span class="header-content">Tests for Surefire suite</span>
          </div> <!-- main-panel-header rounded-window-top -->
          <div class="main-panel-content rounded-window-bottom">
            <ul>
              <li>
                <span class="test-name">Surefire test (1 class)</span>
              </li>
              <li>
                <span class="test-name">Surefire test(failed) (1 class)</span>
              </li>
            </ul>
          </div> <!-- main-panel-content rounded-window-bottom -->
        </div> <!-- panel -->
        <div panel-name="group-Surefire_suite" class="panel">
          <div class="main-panel-header rounded-window-top">
            <span class="header-content">Groups for Surefire suite</span>
          </div> <!-- main-panel-header rounded-window-top -->
          <div class="main-panel-content rounded-window-bottom">
          </div> <!-- main-panel-content rounded-window-bottom -->
        </div> <!-- panel -->
        <div panel-name="times-Surefire_suite" class="panel">
          <div class="main-panel-header rounded-window-top">
            <span class="header-content">Times for Surefire suite</span>
          </div> <!-- main-panel-header rounded-window-top -->
          <div class="main-panel-content rounded-window-bottom">
            <div class="times-div">
              <script type="text/javascript">
suiteTableInitFunctions.push('tableData_Surefire_suite');
function tableData_Surefire_suite() {
var data = new google.visualization.DataTable();
data.addColumn('number', 'Number');
data.addColumn('string', 'Method');
data.addColumn('string', 'Class');
data.addColumn('number', 'Time (ms)');
data.addRows(9);
data.setCell(0, 0, 0)
data.setCell(0, 1, 'Test_006_verifyVendorPart')
data.setCell(0, 2, 'tests.parts.ReceiveParts')
data.setCell(0, 3, 177761);
data.setCell(1, 0, 1)
data.setCell(1, 1, 'Test_009_clickOnCancelButton')
data.setCell(1, 2, 'tests.parts.ReceiveParts')
data.setCell(1, 3, 163674);
data.setCell(2, 0, 2)
data.setCell(2, 1, 'Test_007_verifyLink')
data.setCell(2, 2, 'tests.parts.ReceiveParts')
data.setCell(2, 3, 140478);
data.setCell(3, 0, 3)
data.setCell(3, 1, 'Test_008_verifyHash')
data.setCell(3, 2, 'tests.parts.ReceiveParts')
data.setCell(3, 3, 123498);
data.setCell(4, 0, 4)
data.setCell(4, 1, 'Test_005_verifyvoidedDate')
data.setCell(4, 2, 'tests.parts.ReceiveParts')
data.setCell(4, 3, 84793);
data.setCell(5, 0, 5)
data.setCell(5, 1, 'Test_003_verifyPurchesOrder')
data.setCell(5, 2, 'tests.parts.ReceiveParts')
data.setCell(5, 3, 72571);
data.setCell(6, 0, 6)
data.setCell(6, 1, 'Test_004_verifyNotes')
data.setCell(6, 2, 'tests.parts.ReceiveParts')
data.setCell(6, 3, 54487);
data.setCell(7, 0, 7)
data.setCell(7, 1, 'Test_002_clickOnPoNumber')
data.setCell(7, 2, 'tests.parts.ReceiveParts')
data.setCell(7, 3, 41706);
data.setCell(8, 0, 8)
data.setCell(8, 1, 'Test_001_gotoReceiveParts')
data.setCell(8, 2, 'tests.parts.ReceiveParts')
data.setCell(8, 3, 35362);
window.suiteTableData['Surefire_suite']= { tableData: data, tableDiv: 'times-div-Surefire_suite'}
return data;
}
              </script>
              <span class="suite-total-time">Total running time: 14 minutes</span>
              <div id="times-div-Surefire_suite">
              </div> <!-- times-div-Surefire_suite -->
            </div> <!-- times-div -->
          </div> <!-- main-panel-content rounded-window-bottom -->
        </div> <!-- panel -->
        <div panel-name="reporter-Surefire_suite" class="panel">
          <div class="main-panel-header rounded-window-top">
            <span class="header-content">Reporter output for Surefire suite</span>
          </div> <!-- main-panel-header rounded-window-top -->
          <div class="main-panel-content rounded-window-bottom">
          </div> <!-- main-panel-content rounded-window-bottom -->
        </div> <!-- panel -->
        <div panel-name="ignored-methods-Surefire_suite" class="panel">
          <div class="main-panel-header rounded-window-top">
            <span class="header-content">0 ignored methods</span>
          </div> <!-- main-panel-header rounded-window-top -->
          <div class="main-panel-content rounded-window-bottom">
          </div> <!-- main-panel-content rounded-window-bottom -->
        </div> <!-- panel -->
        <div panel-name="chronological-Surefire_suite" class="panel">
          <div class="main-panel-header rounded-window-top">
            <span class="header-content">Methods in chronological order</span>
          </div> <!-- main-panel-header rounded-window-top -->
          <div class="main-panel-content rounded-window-bottom">
            <div class="chronological-class">
              <div class="chronological-class-name">tests.parts.ReceiveParts</div> <!-- chronological-class-name -->
              <div class="configuration-class before">
                <span class="method-name">initialization</span>
                <span class="method-start">0 ms</span>
              </div> <!-- configuration-class before -->
              <div class="test-method">
                <span class="method-name">Test_001_gotoReceiveParts</span>
                <span class="method-start">21604 ms</span>
              </div> <!-- test-method -->
              <div class="configuration-method after">
                <span class="method-name">afterMethodTakeScreenShot([TestResult name=Test_001_gotoReceiveParts status=SUCCESS method=ReceiveParts.Test_001_gotoReceivePa...)</span>
                <span class="method-start">57021 ms</span>
              </div> <!-- configuration-method after -->
              <div class="test-method">
                <span class="method-name">Test_002_clickOnPoNumber</span>
                <span class="method-start">57086 ms</span>
              </div> <!-- test-method -->
              <div class="configuration-method after">
                <span class="method-name">afterMethodTakeScreenShot([TestResult name=Test_002_clickOnPoNumber status=SUCCESS method=ReceiveParts.Test_002_clickOnPoNumbe...)</span>
                <span class="method-start">98792 ms</span>
              </div> <!-- configuration-method after -->
              <div class="test-method">
                <span class="method-name">Test_003_verifyPurchesOrder</span>
                <span class="method-start">98860 ms</span>
              </div> <!-- test-method -->
              <div class="configuration-method after">
                <span class="method-name">afterMethodTakeScreenShot([TestResult name=Test_003_verifyPurchesOrder status=SUCCESS method=ReceiveParts.Test_003_verifyPurch...)</span>
                <span class="method-start">171431 ms</span>
              </div> <!-- configuration-method after -->
              <div class="test-method">
                <span class="method-name">Test_004_verifyNotes</span>
                <span class="method-start">171494 ms</span>
              </div> <!-- test-method -->
              <div class="configuration-method after">
                <span class="method-name">afterMethodTakeScreenShot([TestResult name=Test_004_verifyNotes status=SUCCESS method=ReceiveParts.Test_004_verifyNotes()[pri:...)</span>
                <span class="method-start">225982 ms</span>
              </div> <!-- configuration-method after -->
              <div class="test-method">
                <span class="method-name">Test_005_verifyvoidedDate</span>
                <span class="method-start">226070 ms</span>
              </div> <!-- test-method -->
              <div class="configuration-method after">
                <span class="method-name">afterMethodTakeScreenShot([TestResult name=Test_005_verifyvoidedDate status=SUCCESS method=ReceiveParts.Test_005_verifyvoidedD...)</span>
                <span class="method-start">310863 ms</span>
              </div> <!-- configuration-method after -->
              <div class="test-method">
                <img src="failed.png">
                </img>
                <span class="method-name">Test_006_verifyVendorPart</span>
                <span class="method-start">310917 ms</span>
              </div> <!-- test-method -->
              <div class="configuration-method after">
                <span class="method-name">afterMethodTakeScreenShot([TestResult name=Test_006_verifyVendorPart status=FAILURE method=ReceiveParts.Test_006_verifyVendorP...)</span>
                <span class="method-start">488690 ms</span>
              </div> <!-- configuration-method after -->
              <div class="test-method">
                <img src="failed.png">
                </img>
                <span class="method-name">Test_007_verifyLink</span>
                <span class="method-start">488749 ms</span>
              </div> <!-- test-method -->
              <div class="configuration-method after">
                <span class="method-name">afterMethodTakeScreenShot([TestResult name=Test_007_verifyLink status=FAILURE method=ReceiveParts.Test_007_verifyLink()[pri:6,...)</span>
                <span class="method-start">629248 ms</span>
              </div> <!-- configuration-method after -->
              <div class="test-method">
                <img src="failed.png">
                </img>
                <span class="method-name">Test_008_verifyHash</span>
                <span class="method-start">629299 ms</span>
              </div> <!-- test-method -->
              <div class="configuration-method after">
                <span class="method-name">afterMethodTakeScreenShot([TestResult name=Test_008_verifyHash status=FAILURE method=ReceiveParts.Test_008_verifyHash()[pri:7,...)</span>
                <span class="method-start">752798 ms</span>
              </div> <!-- configuration-method after -->
              <div class="test-method">
                <img src="failed.png">
                </img>
                <span class="method-name">Test_009_clickOnCancelButton</span>
                <span class="method-start">752893 ms</span>
              </div> <!-- test-method -->
              <div class="configuration-method after">
                <span class="method-name">afterMethodTakeScreenShot([TestResult name=Test_009_clickOnCancelButton status=FAILURE method=ReceiveParts.Test_009_clickOnCan...)</span>
                <span class="method-start">916569 ms</span>
              </div> <!-- configuration-method after -->
              <div class="configuration-suite after">
                <span class="method-name">generateAllure</span>
                <span class="method-start">916668 ms</span>
              </div> <!-- configuration-suite after -->
          </div> <!-- main-panel-content rounded-window-bottom -->
        </div> <!-- panel -->
      </div> <!-- main-panel-root -->
    </div> <!-- wrapper -->
  </body>
</html>
