-------------------------------------------------------------------------------
Test set: tests.parts.CreatePart
-------------------------------------------------------------------------------
Tests run: 14, Failures: 8, Errors: 0, Skipped: 6, Time elapsed: 15.994 s <<< FAILURE! - in tests.parts.CreatePart
initialization(tests.parts.CreatePart)  Time elapsed: 5.744 s  <<< FAILURE!
org.openqa.selenium.SessionNotCreatedException: 
Could not start a new session. Response code 500. Message: session not created: This version of ChromeDriver only supports Chrome version 114
Current browser version is 121.0.6167.185 with binary path C:\Program Files\Google\Chrome\Application\chrome.exe
Build info: version: '4.4.0', revision: 'e5c75ed026a'
System info: host: 'PC-9', ip: '192.168.29.154', os.name: 'Windows 11', os.arch: 'amd64', os.version: '10.0', java.version: '11.0.18'
Driver info: org.openqa.selenium.chrome.ChromeDriver
Command: [null, newSession {capabilities=[Capabilities {browserName: chrome, goog:chromeOptions: {args: [--remote-allow-origins=*, --start-maximized, --window-size=1366,768, --no-sandbox, --disable-popup-blocking, --disable-dev-shm-usage, --disable-gpu, --dns-prefetch-disable, --always-authorize-plugins, enable-automation, --disable-browser-side-navi..., --ignore-certificate-errors, --disable-extensions, --allow-running-insecure-co...], extensions: [], prefs: {}}, pageLoadStrategy: normal}], desiredCapabilities=Capabilities {browserName: chrome, goog:chromeOptions: {args: [--remote-allow-origins=*, --start-maximized, --window-size=1366,768, --no-sandbox, --disable-popup-blocking, --disable-dev-shm-usage, --disable-gpu, --dns-prefetch-disable, --always-authorize-plugins, enable-automation, --disable-browser-side-navi..., --ignore-certificate-errors, --disable-extensions, --allow-running-insecure-co...], extensions: [], prefs: {}}, pageLoadStrategy: normal}}]

afterMethodTakeScreenShot(tests.parts.CreatePart)  Time elapsed: 0.024 s  <<< FAILURE!
java.lang.NullPointerException

afterMethodTakeScreenShot(tests.parts.CreatePart)  Time elapsed: 0.007 s  <<< FAILURE!
java.lang.NullPointerException

afterMethodTakeScreenShot(tests.parts.CreatePart)  Time elapsed: 0.007 s  <<< FAILURE!
java.lang.NullPointerException

afterMethodTakeScreenShot(tests.parts.CreatePart)  Time elapsed: 0.005 s  <<< FAILURE!
java.lang.NullPointerException

afterMethodTakeScreenShot(tests.parts.CreatePart)  Time elapsed: 0.069 s  <<< FAILURE!
java.lang.NullPointerException

afterMethodTakeScreenShot(tests.parts.CreatePart)  Time elapsed: 0.008 s  <<< FAILURE!
java.lang.NullPointerException

generateAllure(tests.parts.CreatePart)  Time elapsed: 10.082 s  <<< FAILURE!
java.lang.IllegalArgumentException: Input must be set

