{
  "uid" : "cd1fc6043a77937c",
  "name" : "Test_004_Select service program and add",
  "fullName" : "tests.service.CreateRo.Test_004_selectServiceProgramAndAdd",
  "historyId" : "ecee6160be2a7a7256bad71eb90c7c1f",
  "time" : {
    "start" : 1705402223933,
    "stop" : 1705402243532,
    "duration" : 19599
  },
  "description" : "Test Description: Select service program and add",
  "descriptionHtml" : "<p>Test Description: Select service program and add</p>\n",
  "status" : "broken",
  "statusMessage" : "element click intercepted: Element <a role=\"tab\" aria-controls=\"reg0:0:rWO:1:rlbg:1:sdiVmrs::body\" id=\"reg0:0:rWO:1:rlbg:1:sdiVmrs::disAcr\" class=\"x164\" data-afr-fcs=\"true\" tabindex=\"-1\" href=\"#\" onclick=\"return false;\">...</a> is not clickable at point (397, 79). Other element would receive the click: <div class=\"blockUI blockOverlay\" style=\"z-index: 2147483647; border: none; margin: 0px; padding: 0px; width: 100%; height: 100%; top: 0px; left: 0px; background-color: rgb(153, 153, 153); opacity: 0.5; cursor: wait; position: fixed;\"></div>\n  (Session info: chrome=120.0.6099.217)\nBuild info: version: '4.4.0', revision: 'e5c75ed026a'\nSystem info: host: 'PC-5', ip: '192.168.29.196', os.name: 'Windows 11', os.arch: 'amd64', os.version: '10.0', java.version: '11.0.18'\nDriver info: org.openqa.selenium.chrome.ChromeDriver\nCommand: [ddf0497cd2efce407fa6259b25116a5c, clickElement {id=B131E51AF1ECD7A519E698E1AF9E32DC_element_454}]\nCapabilities {acceptInsecureCerts: false, browserName: chrome, browserVersion: 120.0.6099.217, chrome: {chromedriverVersion: 120.0.6099.109 (3419140ab66..., userDataDir: C:\\Users\\pc5-q\\AppData\\Loca...}, fedcm:accounts: true, goog:chromeOptions: {debuggerAddress: localhost:61263}, networkConnectionEnabled: false, pageLoadStrategy: normal, platformName: WINDOWS, proxy: Proxy(), se:cdp: ws://localhost:61263/devtoo..., se:cdpVersion: 120.0.6099.217, setWindowRect: true, strictFileInteractability: false, timeouts: {implicit: 0, pageLoad: 300000, script: 30000}, unhandledPromptBehavior: dismiss and notify, webauthn:extension:credBlob: true, webauthn:extension:largeBlob: true, webauthn:extension:minPinLength: true, webauthn:extension:prf: true, webauthn:virtualAuthenticators: true}\nElement: [[ChromeDriver: chrome on WINDOWS (ddf0497cd2efce407fa6259b25116a5c)] -> xpath: (//div[text()='Add Labour']/following::a[text()='VMRS'])[1]]\nSession ID: ddf0497cd2efce407fa6259b25116a5c",
  "statusTrace" : "org.openqa.selenium.ElementClickInterceptedException: element click intercepted: Element <a role=\"tab\" aria-controls=\"reg0:0:rWO:1:rlbg:1:sdiVmrs::body\" id=\"reg0:0:rWO:1:rlbg:1:sdiVmrs::disAcr\" class=\"x164\" data-afr-fcs=\"true\" tabindex=\"-1\" href=\"#\" onclick=\"return false;\">...</a> is not clickable at point (397, 79). Other element would receive the click: <div class=\"blockUI blockOverlay\" style=\"z-index: 2147483647; border: none; margin: 0px; padding: 0px; width: 100%; height: 100%; top: 0px; left: 0px; background-color: rgb(153, 153, 153); opacity: 0.5; cursor: wait; position: fixed;\"></div>\n  (Session info: chrome=120.0.6099.217)\nBuild info: version: '4.4.0', revision: 'e5c75ed026a'\nSystem info: host: 'PC-5', ip: '192.168.29.196', os.name: 'Windows 11', os.arch: 'amd64', os.version: '10.0', java.version: '11.0.18'\nDriver info: org.openqa.selenium.chrome.ChromeDriver\nCommand: [ddf0497cd2efce407fa6259b25116a5c, clickElement {id=B131E51AF1ECD7A519E698E1AF9E32DC_element_454}]\nCapabilities {acceptInsecureCerts: false, browserName: chrome, browserVersion: 120.0.6099.217, chrome: {chromedriverVersion: 120.0.6099.109 (3419140ab66..., userDataDir: C:\\Users\\pc5-q\\AppData\\Loca...}, fedcm:accounts: true, goog:chromeOptions: {debuggerAddress: localhost:61263}, networkConnectionEnabled: false, pageLoadStrategy: normal, platformName: WINDOWS, proxy: Proxy(), se:cdp: ws://localhost:61263/devtoo..., se:cdpVersion: 120.0.6099.217, setWindowRect: true, strictFileInteractability: false, timeouts: {implicit: 0, pageLoad: 300000, script: 30000}, unhandledPromptBehavior: dismiss and notify, webauthn:extension:credBlob: true, webauthn:extension:largeBlob: true, webauthn:extension:minPinLength: true, webauthn:extension:prf: true, webauthn:virtualAuthenticators: true}\nElement: [[ChromeDriver: chrome on WINDOWS (ddf0497cd2efce407fa6259b25116a5c)] -> xpath: (//div[text()='Add Labour']/following::a[text()='VMRS'])[1]]\nSession ID: ddf0497cd2efce407fa6259b25116a5c\r\n\tat java.base/jdk.internal.reflect.NativeConstructorAccessorImpl.newInstance0(Native Method)\r\n\tat java.base/jdk.internal.reflect.NativeConstructorAccessorImpl.newInstance(NativeConstructorAccessorImpl.java:62)\r\n\tat java.base/jdk.internal.reflect.DelegatingConstructorAccessorImpl.newInstance(DelegatingConstructorAccessorImpl.java:45)\r\n\tat java.base/java.lang.reflect.Constructor.newInstance(Constructor.java:490)\r\n\tat org.openqa.selenium.remote.codec.w3c.W3CHttpResponseCodec.createException(W3CHttpResponseCodec.java:200)\r\n\tat org.openqa.selenium.remote.codec.w3c.W3CHttpResponseCodec.decode(W3CHttpResponseCodec.java:133)\r\n\tat org.openqa.selenium.remote.codec.w3c.W3CHttpResponseCodec.decode(W3CHttpResponseCodec.java:53)\r\n\tat org.openqa.selenium.remote.HttpCommandExecutor.execute(HttpCommandExecutor.java:184)\r\n\tat org.openqa.selenium.remote.service.DriverCommandExecutor.invokeExecute(DriverCommandExecutor.java:167)\r\n\tat org.openqa.selenium.remote.service.DriverCommandExecutor.execute(DriverCommandExecutor.java:142)\r\n\tat org.openqa.selenium.remote.RemoteWebDriver.execute(RemoteWebDriver.java:547)\r\n\tat org.openqa.selenium.remote.RemoteWebElement.execute(RemoteWebElement.java:257)\r\n\tat org.openqa.selenium.remote.RemoteWebElement.click(RemoteWebElement.java:78)\r\n\tat java.base/jdk.internal.reflect.NativeMethodAccessorImpl.invoke0(Native Method)\r\n\tat java.base/jdk.internal.reflect.NativeMethodAccessorImpl.invoke(NativeMethodAccessorImpl.java:62)\r\n\tat java.base/jdk.internal.reflect.DelegatingMethodAccessorImpl.invoke(DelegatingMethodAccessorImpl.java:43)\r\n\tat java.base/java.lang.reflect.Method.invoke(Method.java:566)\r\n\tat org.openqa.selenium.support.pagefactory.internal.LocatingElementHandler.invoke(LocatingElementHandler.java:52)\r\n\tat com.sun.proxy.$Proxy21.click(Unknown Source)\r\n\tat actions.WebElementActions.clickElement(WebElementActions.java:56)\r\n\tat pages.service.CreateRoPage.selectVMRS(CreateRoPage.java:221)\r\n\tat tests.service.CreateRo.Test_004_selectServiceProgramAndAdd(CreateRo.java:44)\r\n\tat java.base/jdk.internal.reflect.NativeMethodAccessorImpl.invoke0(Native Method)\r\n\tat java.base/jdk.internal.reflect.NativeMethodAccessorImpl.invoke(NativeMethodAccessorImpl.java:62)\r\n\tat java.base/jdk.internal.reflect.DelegatingMethodAccessorImpl.invoke(DelegatingMethodAccessorImpl.java:43)\r\n\tat java.base/java.lang.reflect.Method.invoke(Method.java:566)\r\n\tat org.testng.internal.MethodInvocationHelper.invokeMethod(MethodInvocationHelper.java:86)\r\n\tat org.testng.internal.Invoker.invokeMethod(Invoker.java:643)\r\n\tat org.testng.internal.Invoker.invokeTestMethod(Invoker.java:820)\r\n\tat org.testng.internal.Invoker.invokeTestMethods(Invoker.java:1128)\r\n\tat org.testng.internal.TestMethodWorker.invokeTestMethods(TestMethodWorker.java:129)\r\n\tat org.testng.internal.TestMethodWorker.run(TestMethodWorker.java:112)\r\n\tat org.testng.TestRunner.privateRun(TestRunner.java:782)\r\n\tat org.testng.TestRunner.run(TestRunner.java:632)\r\n\tat org.testng.SuiteRunner.runTest(SuiteRunner.java:366)\r\n\tat org.testng.SuiteRunner.runSequentially(SuiteRunner.java:361)\r\n\tat org.testng.SuiteRunner.privateRun(SuiteRunner.java:319)\r\n\tat org.testng.SuiteRunner.run(SuiteRunner.java:268)\r\n\tat org.testng.SuiteRunnerWorker.runSuite(SuiteRunnerWorker.java:52)\r\n\tat org.testng.SuiteRunnerWorker.run(SuiteRunnerWorker.java:86)\r\n\tat org.testng.TestNG.runSuitesSequentially(TestNG.java:1244)\r\n\tat org.testng.TestNG.runSuitesLocally(TestNG.java:1169)\r\n\tat org.testng.TestNG.run(TestNG.java:1064)\r\n\tat org.apache.maven.surefire.testng.TestNGExecutor.run(TestNGExecutor.java:135)\r\n\tat org.apache.maven.surefire.testng.TestNGDirectoryTestSuite.executeSingleClass(TestNGDirectoryTestSuite.java:112)\r\n\tat org.apache.maven.surefire.testng.TestNGDirectoryTestSuite.execute(TestNGDirectoryTestSuite.java:99)\r\n\tat org.apache.maven.surefire.testng.TestNGProvider.invoke(TestNGProvider.java:146)\r\n\tat org.apache.maven.surefire.booter.ForkedBooter.invokeProviderInSameClassLoader(ForkedBooter.java:386)\r\n\tat org.apache.maven.surefire.booter.ForkedBooter.runSuitesInProcess(ForkedBooter.java:323)\r\n\tat org.apache.maven.surefire.booter.ForkedBooter.main(ForkedBooter.java:143)\r\n",
  "flaky" : false,
  "newFailed" : false,
  "beforeStages" : [ {
    "name" : "initialization",
    "time" : {
      "start" : 1705402119490,
      "stop" : 1705402142987,
      "duration" : 23497
    },
    "description" : "",
    "status" : "passed",
    "steps" : [ ],
    "attachments" : [ ],
    "parameters" : [ ],
    "shouldDisplayMessage" : false,
    "attachmentsCount" : 0,
    "stepsCount" : 0,
    "hasContent" : false
  } ],
  "testStage" : {
    "description" : "Test Description: Select service program and add",
    "status" : "broken",
    "statusMessage" : "element click intercepted: Element <a role=\"tab\" aria-controls=\"reg0:0:rWO:1:rlbg:1:sdiVmrs::body\" id=\"reg0:0:rWO:1:rlbg:1:sdiVmrs::disAcr\" class=\"x164\" data-afr-fcs=\"true\" tabindex=\"-1\" href=\"#\" onclick=\"return false;\">...</a> is not clickable at point (397, 79). Other element would receive the click: <div class=\"blockUI blockOverlay\" style=\"z-index: 2147483647; border: none; margin: 0px; padding: 0px; width: 100%; height: 100%; top: 0px; left: 0px; background-color: rgb(153, 153, 153); opacity: 0.5; cursor: wait; position: fixed;\"></div>\n  (Session info: chrome=120.0.6099.217)\nBuild info: version: '4.4.0', revision: 'e5c75ed026a'\nSystem info: host: 'PC-5', ip: '192.168.29.196', os.name: 'Windows 11', os.arch: 'amd64', os.version: '10.0', java.version: '11.0.18'\nDriver info: org.openqa.selenium.chrome.ChromeDriver\nCommand: [ddf0497cd2efce407fa6259b25116a5c, clickElement {id=B131E51AF1ECD7A519E698E1AF9E32DC_element_454}]\nCapabilities {acceptInsecureCerts: false, browserName: chrome, browserVersion: 120.0.6099.217, chrome: {chromedriverVersion: 120.0.6099.109 (3419140ab66..., userDataDir: C:\\Users\\pc5-q\\AppData\\Loca...}, fedcm:accounts: true, goog:chromeOptions: {debuggerAddress: localhost:61263}, networkConnectionEnabled: false, pageLoadStrategy: normal, platformName: WINDOWS, proxy: Proxy(), se:cdp: ws://localhost:61263/devtoo..., se:cdpVersion: 120.0.6099.217, setWindowRect: true, strictFileInteractability: false, timeouts: {implicit: 0, pageLoad: 300000, script: 30000}, unhandledPromptBehavior: dismiss and notify, webauthn:extension:credBlob: true, webauthn:extension:largeBlob: true, webauthn:extension:minPinLength: true, webauthn:extension:prf: true, webauthn:virtualAuthenticators: true}\nElement: [[ChromeDriver: chrome on WINDOWS (ddf0497cd2efce407fa6259b25116a5c)] -> xpath: (//div[text()='Add Labour']/following::a[text()='VMRS'])[1]]\nSession ID: ddf0497cd2efce407fa6259b25116a5c",
    "statusTrace" : "org.openqa.selenium.ElementClickInterceptedException: element click intercepted: Element <a role=\"tab\" aria-controls=\"reg0:0:rWO:1:rlbg:1:sdiVmrs::body\" id=\"reg0:0:rWO:1:rlbg:1:sdiVmrs::disAcr\" class=\"x164\" data-afr-fcs=\"true\" tabindex=\"-1\" href=\"#\" onclick=\"return false;\">...</a> is not clickable at point (397, 79). Other element would receive the click: <div class=\"blockUI blockOverlay\" style=\"z-index: 2147483647; border: none; margin: 0px; padding: 0px; width: 100%; height: 100%; top: 0px; left: 0px; background-color: rgb(153, 153, 153); opacity: 0.5; cursor: wait; position: fixed;\"></div>\n  (Session info: chrome=120.0.6099.217)\nBuild info: version: '4.4.0', revision: 'e5c75ed026a'\nSystem info: host: 'PC-5', ip: '192.168.29.196', os.name: 'Windows 11', os.arch: 'amd64', os.version: '10.0', java.version: '11.0.18'\nDriver info: org.openqa.selenium.chrome.ChromeDriver\nCommand: [ddf0497cd2efce407fa6259b25116a5c, clickElement {id=B131E51AF1ECD7A519E698E1AF9E32DC_element_454}]\nCapabilities {acceptInsecureCerts: false, browserName: chrome, browserVersion: 120.0.6099.217, chrome: {chromedriverVersion: 120.0.6099.109 (3419140ab66..., userDataDir: C:\\Users\\pc5-q\\AppData\\Loca...}, fedcm:accounts: true, goog:chromeOptions: {debuggerAddress: localhost:61263}, networkConnectionEnabled: false, pageLoadStrategy: normal, platformName: WINDOWS, proxy: Proxy(), se:cdp: ws://localhost:61263/devtoo..., se:cdpVersion: 120.0.6099.217, setWindowRect: true, strictFileInteractability: false, timeouts: {implicit: 0, pageLoad: 300000, script: 30000}, unhandledPromptBehavior: dismiss and notify, webauthn:extension:credBlob: true, webauthn:extension:largeBlob: true, webauthn:extension:minPinLength: true, webauthn:extension:prf: true, webauthn:virtualAuthenticators: true}\nElement: [[ChromeDriver: chrome on WINDOWS (ddf0497cd2efce407fa6259b25116a5c)] -> xpath: (//div[text()='Add Labour']/following::a[text()='VMRS'])[1]]\nSession ID: ddf0497cd2efce407fa6259b25116a5c\r\n\tat java.base/jdk.internal.reflect.NativeConstructorAccessorImpl.newInstance0(Native Method)\r\n\tat java.base/jdk.internal.reflect.NativeConstructorAccessorImpl.newInstance(NativeConstructorAccessorImpl.java:62)\r\n\tat java.base/jdk.internal.reflect.DelegatingConstructorAccessorImpl.newInstance(DelegatingConstructorAccessorImpl.java:45)\r\n\tat java.base/java.lang.reflect.Constructor.newInstance(Constructor.java:490)\r\n\tat org.openqa.selenium.remote.codec.w3c.W3CHttpResponseCodec.createException(W3CHttpResponseCodec.java:200)\r\n\tat org.openqa.selenium.remote.codec.w3c.W3CHttpResponseCodec.decode(W3CHttpResponseCodec.java:133)\r\n\tat org.openqa.selenium.remote.codec.w3c.W3CHttpResponseCodec.decode(W3CHttpResponseCodec.java:53)\r\n\tat org.openqa.selenium.remote.HttpCommandExecutor.execute(HttpCommandExecutor.java:184)\r\n\tat org.openqa.selenium.remote.service.DriverCommandExecutor.invokeExecute(DriverCommandExecutor.java:167)\r\n\tat org.openqa.selenium.remote.service.DriverCommandExecutor.execute(DriverCommandExecutor.java:142)\r\n\tat org.openqa.selenium.remote.RemoteWebDriver.execute(RemoteWebDriver.java:547)\r\n\tat org.openqa.selenium.remote.RemoteWebElement.execute(RemoteWebElement.java:257)\r\n\tat org.openqa.selenium.remote.RemoteWebElement.click(RemoteWebElement.java:78)\r\n\tat java.base/jdk.internal.reflect.NativeMethodAccessorImpl.invoke0(Native Method)\r\n\tat java.base/jdk.internal.reflect.NativeMethodAccessorImpl.invoke(NativeMethodAccessorImpl.java:62)\r\n\tat java.base/jdk.internal.reflect.DelegatingMethodAccessorImpl.invoke(DelegatingMethodAccessorImpl.java:43)\r\n\tat java.base/java.lang.reflect.Method.invoke(Method.java:566)\r\n\tat org.openqa.selenium.support.pagefactory.internal.LocatingElementHandler.invoke(LocatingElementHandler.java:52)\r\n\tat com.sun.proxy.$Proxy21.click(Unknown Source)\r\n\tat actions.WebElementActions.clickElement(WebElementActions.java:56)\r\n\tat pages.service.CreateRoPage.selectVMRS(CreateRoPage.java:221)\r\n\tat tests.service.CreateRo.Test_004_selectServiceProgramAndAdd(CreateRo.java:44)\r\n\tat java.base/jdk.internal.reflect.NativeMethodAccessorImpl.invoke0(Native Method)\r\n\tat java.base/jdk.internal.reflect.NativeMethodAccessorImpl.invoke(NativeMethodAccessorImpl.java:62)\r\n\tat java.base/jdk.internal.reflect.DelegatingMethodAccessorImpl.invoke(DelegatingMethodAccessorImpl.java:43)\r\n\tat java.base/java.lang.reflect.Method.invoke(Method.java:566)\r\n\tat org.testng.internal.MethodInvocationHelper.invokeMethod(MethodInvocationHelper.java:86)\r\n\tat org.testng.internal.Invoker.invokeMethod(Invoker.java:643)\r\n\tat org.testng.internal.Invoker.invokeTestMethod(Invoker.java:820)\r\n\tat org.testng.internal.Invoker.invokeTestMethods(Invoker.java:1128)\r\n\tat org.testng.internal.TestMethodWorker.invokeTestMethods(TestMethodWorker.java:129)\r\n\tat org.testng.internal.TestMethodWorker.run(TestMethodWorker.java:112)\r\n\tat org.testng.TestRunner.privateRun(TestRunner.java:782)\r\n\tat org.testng.TestRunner.run(TestRunner.java:632)\r\n\tat org.testng.SuiteRunner.runTest(SuiteRunner.java:366)\r\n\tat org.testng.SuiteRunner.runSequentially(SuiteRunner.java:361)\r\n\tat org.testng.SuiteRunner.privateRun(SuiteRunner.java:319)\r\n\tat org.testng.SuiteRunner.run(SuiteRunner.java:268)\r\n\tat org.testng.SuiteRunnerWorker.runSuite(SuiteRunnerWorker.java:52)\r\n\tat org.testng.SuiteRunnerWorker.run(SuiteRunnerWorker.java:86)\r\n\tat org.testng.TestNG.runSuitesSequentially(TestNG.java:1244)\r\n\tat org.testng.TestNG.runSuitesLocally(TestNG.java:1169)\r\n\tat org.testng.TestNG.run(TestNG.java:1064)\r\n\tat org.apache.maven.surefire.testng.TestNGExecutor.run(TestNGExecutor.java:135)\r\n\tat org.apache.maven.surefire.testng.TestNGDirectoryTestSuite.executeSingleClass(TestNGDirectoryTestSuite.java:112)\r\n\tat org.apache.maven.surefire.testng.TestNGDirectoryTestSuite.execute(TestNGDirectoryTestSuite.java:99)\r\n\tat org.apache.maven.surefire.testng.TestNGProvider.invoke(TestNGProvider.java:146)\r\n\tat org.apache.maven.surefire.booter.ForkedBooter.invokeProviderInSameClassLoader(ForkedBooter.java:386)\r\n\tat org.apache.maven.surefire.booter.ForkedBooter.runSuitesInProcess(ForkedBooter.java:323)\r\n\tat org.apache.maven.surefire.booter.ForkedBooter.main(ForkedBooter.java:143)\r\n",
    "steps" : [ ],
    "attachments" : [ {
      "uid" : "21e29a3891c786d",
      "name" : "Page Screenshot",
      "source" : "21e29a3891c786d.png",
      "type" : "image/png",
      "size" : 103759
    } ],
    "parameters" : [ ],
    "shouldDisplayMessage" : true,
    "attachmentsCount" : 1,
    "stepsCount" : 0,
    "hasContent" : true
  },
  "afterStages" : [ {
    "name" : "afterMethodTakeScreenShot",
    "time" : {
      "start" : 1705402243534,
      "stop" : 1705402243634,
      "duration" : 100
    },
    "description" : "",
    "status" : "passed",
    "steps" : [ ],
    "attachments" : [ {
      "uid" : "3646b8411218956d",
      "name" : "Page Screenshot",
      "source" : "3646b8411218956d.png",
      "type" : "image/png",
      "size" : 103741
    } ],
    "parameters" : [ ],
    "shouldDisplayMessage" : false,
    "attachmentsCount" : 1,
    "stepsCount" : 0,
    "hasContent" : true
  } ],
  "labels" : [ {
    "name" : "package",
    "value" : "tests.service.CreateRo"
  }, {
    "name" : "testClass",
    "value" : "tests.service.CreateRo"
  }, {
    "name" : "testMethod",
    "value" : "Test_004_selectServiceProgramAndAdd"
  }, {
    "name" : "parentSuite",
    "value" : "Surefire suite"
  }, {
    "name" : "suite",
    "value" : "Surefire test"
  }, {
    "name" : "subSuite",
    "value" : "tests.service.CreateRo"
  }, {
    "name" : "host",
    "value" : "PC-5"
  }, {
    "name" : "thread",
    "value" : "21932@PC-5.main(1)"
  }, {
    "name" : "framework",
    "value" : "testng"
  }, {
    "name" : "language",
    "value" : "java"
  }, {
    "name" : "epic",
    "value" : "Regression Test"
  }, {
    "name" : "feature",
    "value" : "Create RO Test"
  }, {
    "name" : "resultFormat",
    "value" : "allure2"
  } ],
  "parameters" : [ ],
  "links" : [ ],
  "hidden" : false,
  "retry" : false,
  "extra" : {
    "severity" : "normal",
    "retries" : [ ],
    "categories" : [ {
      "name" : "Test defects",
      "matchedStatuses" : [ ],
      "flaky" : false
    } ],
    "tags" : [ ]
  },
  "source" : "cd1fc6043a77937c.json",
  "parameterValues" : [ ]
}